<?xml version="1.0" encoding="UTF-8"?>
<testng-results ignored="0" total="1" passed="1" failed="0" skipped="0">
  <reporter-output>
  </reporter-output>
  <suite started-at="2024-04-02T18:06:46 IST" name="Default suite" finished-at="2024-04-02T18:06:46 IST" duration-ms="54">
    <groups>
    </groups>
    <test started-at="2024-04-02T18:06:46 IST" name="Default test" finished-at="2024-04-02T18:06:46 IST" duration-ms="54">
      <class name="com.java.HashMaps">
        <test-method signature="data()[pri:0, instance:com.java.HashMaps@644baf4a]" started-at="2024-04-02T18:06:46 IST" name="data" finished-at="2024-04-02T18:06:46 IST" duration-ms="11" status="PASS">
          <reporter-output>
          </reporter-output>
        </test-method> <!-- data -->
      </class> <!-- com.java.HashMaps -->
    </test> <!-- Default test -->
  </suite> <!-- Default suite -->
</testng-results>
