<?xml version="1.0" encoding="UTF-8"?>
<testng-results ignored="0" total="1" passed="1" failed="0" skipped="0">
  <reporter-output>
  </reporter-output>
  <suite started-at="2024-02-13T16:38:57 IST" name="Default suite" finished-at="2024-02-13T16:38:57 IST" duration-ms="54">
    <groups>
    </groups>
    <test started-at="2024-02-13T16:38:57 IST" name="Default test" finished-at="2024-02-13T16:38:57 IST" duration-ms="54">
      <class name="com.test.TestData">
        <test-method signature="javaFacker()[pri:0, instance:com.test.TestData@6e6f2380]" started-at="2024-02-13T16:38:57 IST" name="javaFacker" finished-at="2024-02-13T16:38:57 IST" duration-ms="14" status="PASS">
          <reporter-output>
          </reporter-output>
        </test-method> <!-- javaFacker -->
      </class> <!-- com.test.TestData -->
    </test> <!-- Default test -->
  </suite> <!-- Default suite -->
</testng-results>
